#
# There is insufficient memory for the Java Runtime Environment to continue.
# Native memory allocation (malloc) failed to allocate 1146416 bytes for Chunk::new
# Possible reasons:
#   The system is out of physical RAM or swap space
#   The process is running with CompressedOops enabled, and the Java Heap may be blocking the growth of the native heap
# Possible solutions:
#   Reduce memory load on the system
#   Increase physical memory or swap space
#   Check if swap backing store is full
#   Decrease Java heap size (-Xmx/-Xms)
#   Decrease number of Java threads
#   Decrease Java thread stack sizes (-Xss)
#   Set larger code cache with -XX:ReservedCodeCacheSize=
#   JVM is running with Unscaled Compressed Oops mode in which the Java heap is
#     placed in the first 4GB address space. The Java Heap base address is the
#     maximum limit for the native heap growth. Please use -XX:HeapBaseMinAddress
#     to set the Java Heap base and to place the Java Heap above 4GB virtual address.
# This output file may be truncated or incomplete.
#
#  Out of Memory Error (./src/hotspot/share/memory/arena.cpp:197), pid=5036, tid=7552
#
# JRE version: OpenJDK Runtime Environment (11.0.11+9) (build 11.0.11+9-b60-7590822)
# Java VM: OpenJDK 64-Bit Server VM (11.0.11+9-b60-7590822, mixed mode, tiered, compressed oops, g1 gc, windows-amd64)
# No core dump will be written. Minidumps are not enabled by default on client versions of Windows
#

---------------  S U M M A R Y ------------

Command Line: --add-opens=java.base/java.util=ALL-UNNAMED --add-opens=java.base/java.lang=ALL-UNNAMED --add-opens=java.base/java.lang.invoke=ALL-UNNAMED --add-opens=java.base/java.util=ALL-UNNAMED --add-opens=java.prefs/java.util.prefs=ALL-UNNAMED --add-opens=java.prefs/java.util.prefs=ALL-UNNAMED --add-opens=java.base/java.nio.charset=ALL-UNNAMED --add-opens=java.base/java.net=ALL-UNNAMED --add-opens=java.base/java.util.concurrent.atomic=ALL-UNNAMED -Xmx2048m -Dfile.encoding=UTF-8 -Duser.country=RU -Duser.language=ru -Duser.variant org.gradle.launcher.daemon.bootstrap.GradleDaemon 7.2

Host: AMD Ryzen 5 2500U with Radeon Vega Mobile Gfx  , 8 cores, 6G,  Windows 10 , 64 bit Build 19041 (10.0.19041.1503)
Time: Thu Feb 24 12:25:50 2022 ÷ÂÌÚ‡Î¸Ì‡ˇ ¿ÁËˇ (ÁËÏ‡) elapsed time: 8.105170 seconds (0d 0h 0m 8s)

---------------  T H R E A D  ---------------

Current thread (0x0000022625ff3800):  JavaThread "C2 CompilerThread0" daemon [_thread_in_native, id=7552, stack(0x0000007a8c300000,0x0000007a8c400000)]


Current CompileTask:
C2:   8105 5284       4       groovy.lang.MetaClassImpl$1MOPIter::methodNameAction (325 bytes)

Stack: [0x0000007a8c300000,0x0000007a8c400000]
Native frames: (J=compiled Java code, j=interpreted, Vv=VM code, C=native code)
V  [jvm.dll+0x5f214a]
V  [jvm.dll+0x726fb5]
V  [jvm.dll+0x7285cd]
V  [jvm.dll+0x728c83]
V  [jvm.dll+0x243278]
V  [jvm.dll+0xbc53c]
V  [jvm.dll+0xbca3c]
V  [jvm.dll+0x353e3b]
V  [jvm.dll+0x321893]
V  [jvm.dll+0x320d8a]
V  [jvm.dll+0x1fc1e2]
V  [jvm.dll+0x1fb3d4]
V  [jvm.dll+0x183d6c]
V  [jvm.dll+0x209a57]
V  [jvm.dll+0x2082a1]
V  [jvm.dll+0x6ef58f]
V  [jvm.dll+0x6e80b5]
V  [jvm.dll+0x5f1036]
C  [ucrtbase.dll+0x21bb2]
C  [KERNEL32.DLL+0x17034]
C  [ntdll.dll+0x52651]


---------------  P R O C E S S  ---------------

Threads class SMR info:
_java_thread_list=0x000002262b4bc0e0, length=121, elements={
0x0000022609b9d000, 0x0000022625fca800, 0x0000022625fd6800, 0x0000022625fed800,
0x0000022625fee800, 0x0000022625ff0800, 0x0000022625ff3800, 0x0000022625ffa800,
0x0000022626005800, 0x0000022626afa000, 0x0000022628948000, 0x0000022628276800,
0x00000226284a3000, 0x0000022628248000, 0x0000022628107000, 0x000002262813e800,
0x000002262846a800, 0x0000022628399800, 0x00000226284e0000, 0x0000022628449800,
0x000002262844a000, 0x000002262844c800, 0x000002262844c000, 0x0000022628448800,
0x000002262844b000, 0x000002262844d800, 0x000002262844e000, 0x000002262844f000,
0x000002262b10c000, 0x000002262b10a000, 0x000002262b10a800, 0x000002262b10b800,
0x000002262b10e000, 0x000002262b109000, 0x000002262b115000, 0x000002262b112000,
0x000002262b112800, 0x000002262b10f800, 0x000002262b111000, 0x000002262b116000,
0x000002262b110800, 0x000002262b117000, 0x000002262b113800, 0x000002262b114800,
0x0000022628db9000, 0x0000022628dbd800, 0x0000022628dbe000, 0x0000022628dba000,
0x0000022628dbb000, 0x0000022628dbc800, 0x0000022628dbb800, 0x0000022628db8800,
0x0000022628dc4000, 0x0000022628dc3000, 0x0000022628dbf000, 0x0000022628dc4800,
0x0000022628dc5800, 0x0000022628dc0000, 0x0000022628dc1800, 0x0000022628dc6800,
0x0000022628dc2000, 0x0000022628dc0800, 0x0000022628dc7000, 0x000002262b546800,
0x000002262b548800, 0x000002262b54a000, 0x000002262b549000, 0x000002262b544800,
0x000002262b547800, 0x000002262b54b000, 0x000002262b545000, 0x000002262b546000,
0x000002262b54f800, 0x000002262b550800, 0x000002262b54f000, 0x000002262b551800,
0x000002262b54b800, 0x000002262b54c800, 0x000002262b552000, 0x000002262b553000,
0x000002262b54d800, 0x000002262b54e000, 0x000002262b096000, 0x000002262b093800,
0x000002262b090800, 0x000002262b097000, 0x000002262b094800, 0x000002262b091000,
0x000002262b095000, 0x000002262b097800, 0x000002262b092800, 0x000002262b092000,
0x000002262b09a000, 0x000002262b099800, 0x000002262b09b000, 0x000002262b09c800,
0x000002262b098800, 0x000002262b09d800, 0x000002262b09b800, 0x000002262b09e000,
0x000002262b09f000, 0x000002262b3c2000, 0x000002262b3c4800, 0x000002262b3c3000,
0x000002262b3c3800, 0x000002262b3c1800, 0x000002262b3c7000, 0x000002262b3ca800,
0x000002262b3cb000, 0x000002262b3c8000, 0x000002262b3c8800, 0x000002262b3c9800,
0x000002262b3c5800, 0x000002262b3cc000, 0x000002262b3c6000, 0x000002262b3cc800,
0x000002262b3cd800, 0x000002262b3ce800, 0x000002262b3cf000, 0x000002262b3d0000,
0x000002262b1d0000
}

Java Threads: ( => current thread )
  0x0000022609b9d000 JavaThread "main" [_thread_blocked, id=14576, stack(0x0000007a8b700000,0x0000007a8b800000)]
  0x0000022625fca800 JavaThread "Reference Handler" daemon [_thread_blocked, id=1480, stack(0x0000007a8be00000,0x0000007a8bf00000)]
  0x0000022625fd6800 JavaThread "Finalizer" daemon [_thread_blocked, id=7776, stack(0x0000007a8bf00000,0x0000007a8c000000)]
  0x0000022625fed800 JavaThread "Signal Dispatcher" daemon [_thread_blocked, id=16704, stack(0x0000007a8c000000,0x0000007a8c100000)]
  0x0000022625fee800 JavaThread "Attach Listener" daemon [_thread_blocked, id=7000, stack(0x0000007a8c100000,0x0000007a8c200000)]
  0x0000022625ff0800 JavaThread "Service Thread" daemon [_thread_blocked, id=17336, stack(0x0000007a8c200000,0x0000007a8c300000)]
=>0x0000022625ff3800 JavaThread "C2 CompilerThread0" daemon [_thread_in_native, id=7552, stack(0x0000007a8c300000,0x0000007a8c400000)]
  0x0000022625ffa800 JavaThread "C1 CompilerThread0" daemon [_thread_blocked, id=4852, stack(0x0000007a8c400000,0x0000007a8c500000)]
  0x0000022626005800 JavaThread "Sweeper thread" daemon [_thread_blocked, id=5284, stack(0x0000007a8c500000,0x0000007a8c600000)]
  0x0000022626afa000 JavaThread "Common-Cleaner" daemon [_thread_blocked, id=14028, stack(0x0000007a8c600000,0x0000007a8c700000)]
  0x0000022628948000 JavaThread "Daemon health stats" [_thread_blocked, id=9748, stack(0x0000007a8c900000,0x0000007a8ca00000)]
  0x0000022628276800 JavaThread "Incoming local TCP Connector on port 62307" [_thread_in_native, id=10936, stack(0x0000007a8ca00000,0x0000007a8cb00000)]
  0x00000226284a3000 JavaThread "Daemon periodic checks" [_thread_blocked, id=5748, stack(0x0000007a8cb00000,0x0000007a8cc00000)]
  0x0000022628248000 JavaThread "Daemon" [_thread_blocked, id=5492, stack(0x0000007a8cc00000,0x0000007a8cd00000)]
  0x0000022628107000 JavaThread "Handler for socket connection from /127.0.0.1:62307 to /127.0.0.1:62308" [_thread_in_native, id=5476, stack(0x0000007a8cd00000,0x0000007a8ce00000)]
  0x000002262813e800 JavaThread "Cancel handler" [_thread_blocked, id=12908, stack(0x0000007a8ce00000,0x0000007a8cf00000)]
  0x000002262846a800 JavaThread "Daemon worker" [_thread_in_native, id=16016, stack(0x0000007a8cf00000,0x0000007a8d000000)]
  0x0000022628399800 JavaThread "Asynchronous log dispatcher for DefaultDaemonConnection: socket connection from /127.0.0.1:62307 to /127.0.0.1:62308" [_thread_blocked, id=4456, stack(0x0000007a8d000000,0x0000007a8d100000)]
  0x00000226284e0000 JavaThread "Stdin handler" [_thread_blocked, id=9636, stack(0x0000007a8d100000,0x0000007a8d200000)]
  0x0000022628449800 JavaThread "Daemon client event forwarder" [_thread_blocked, id=3712, stack(0x0000007a8d200000,0x0000007a8d300000)]
  0x000002262844a000 JavaThread "Cache worker for journal cache (C:\Users\–ë–∞—É—ã—Ä–∂–∞–Ω\.gradle\caches\journal-1)" [_thread_blocked, id=4048, stack(0x0000007a8d300000,0x0000007a8d400000)]
  0x000002262844c800 JavaThread "File lock request listener" [_thread_in_native, id=7480, stack(0x0000007a8d400000,0x0000007a8d500000)]
  0x000002262844c000 JavaThread "Cache worker for file hash cache (C:\Users\–ë–∞—É—ã—Ä–∂–∞–Ω\.gradle\caches\7.2\fileHashes)" [_thread_blocked, id=10000, stack(0x0000007a8d500000,0x0000007a8d600000)]
  0x0000022628448800 JavaThread "Cache worker for file hash cache (D:\AndroidDev\lab1\.gradle\7.2\fileHashes)" [_thread_blocked, id=17248, stack(0x0000007a8dd00000,0x0000007a8de00000)]
  0x000002262844b000 JavaThread "File watcher server" daemon [_thread_in_native, id=7844, stack(0x0000007a8de00000,0x0000007a8df00000)]
  0x000002262844d800 JavaThread "File watcher consumer" daemon [_thread_blocked, id=5740, stack(0x0000007a8df00000,0x0000007a8e000000)]
  0x000002262844e000 JavaThread "Cache worker for checksums cache (D:\AndroidDev\lab1\.gradle\checksums)" [_thread_blocked, id=4864, stack(0x0000007a8e000000,0x0000007a8e100000)]
  0x000002262844f000 JavaThread "Cache worker for cache directory md-supplier (C:\Users\–ë–∞—É—ã—Ä–∂–∞–Ω\.gradle\caches\7.2\md-supplier)" [_thread_blocked, id=2496, stack(0x0000007a8e100000,0x0000007a8e200000)]
  0x000002262b10c000 JavaThread "Cache worker for cache directory md-rule (C:\Users\–ë–∞—É—ã—Ä–∂–∞–Ω\.gradle\caches\7.2\md-rule)" [_thread_blocked, id=6848, stack(0x0000007a8e200000,0x0000007a8e300000)]
  0x000002262b10a000 JavaThread "Cache worker for execution history cache (C:\Users\–ë–∞—É—ã—Ä–∂–∞–Ω\.gradle\caches\7.2\executionHistory)" [_thread_blocked, id=5592, stack(0x0000007a8e300000,0x0000007a8e400000)]
  0x000002262b10a800 JavaThread "jar transforms" [_thread_blocked, id=11112, stack(0x0000007a8e400000,0x0000007a8e500000)]
  0x000002262b10b800 JavaThread "Cache worker for file content cache (C:\Users\–ë–∞—É—ã—Ä–∂–∞–Ω\.gradle\caches\7.2\fileContent)" [_thread_blocked, id=14280, stack(0x0000007a8e500000,0x0000007a8e600000)]
  0x000002262b10e000 JavaThread "jar transforms Thread 2" [_thread_blocked, id=3112, stack(0x0000007a8e600000,0x0000007a8e700000)]
  0x000002262b109000 JavaThread "Cache worker for dependencies-accessors (D:\AndroidDev\lab1\.gradle\7.2\dependencies-accessors)" [_thread_blocked, id=5240, stack(0x0000007a8e700000,0x0000007a8e800000)]
  0x000002262b115000 JavaThread "jar transforms Thread 3" [_thread_blocked, id=9452, stack(0x0000007a8e800000,0x0000007a8e900000)]
  0x000002262b112000 JavaThread "Cache worker for Build Output Cleanup Cache (D:\AndroidDev\lab1\.gradle\buildOutputCleanup)" [_thread_blocked, id=14236, stack(0x0000007a8e900000,0x0000007a8ea00000)]
  0x000002262b112800 JavaThread "Unconstrained build operations" [_thread_blocked, id=17376, stack(0x0000007a8ea00000,0x0000007a8eb00000)]
  0x000002262b10f800 JavaThread "Unconstrained build operations Thread 2" [_thread_blocked, id=15768, stack(0x0000007a8eb00000,0x0000007a8ec00000)]
  0x000002262b111000 JavaThread "Unconstrained build operations Thread 3" [_thread_blocked, id=3472, stack(0x0000007a8ec00000,0x0000007a8ed00000)]
  0x000002262b116000 JavaThread "Unconstrained build operations Thread 4" [_thread_blocked, id=8804, stack(0x0000007a8ed00000,0x0000007a8ee00000)]
  0x000002262b110800 JavaThread "Unconstrained build operations Thread 5" [_thread_blocked, id=14828, stack(0x0000007a8ee00000,0x0000007a8ef00000)]
  0x000002262b117000 JavaThread "Unconstrained build operations Thread 6" [_thread_blocked, id=15828, stack(0x0000007a8ef00000,0x0000007a8f000000)]
  0x000002262b113800 JavaThread "Unconstrained build operations Thread 7" [_thread_blocked, id=6352, stack(0x0000007a8f000000,0x0000007a8f100000)]
  0x000002262b114800 JavaThread "Unconstrained build operations Thread 8" [_thread_blocked, id=4880, stack(0x0000007a8f100000,0x0000007a8f200000)]
  0x0000022628db9000 JavaThread "Unconstrained build operations Thread 9" [_thread_blocked, id=12492, stack(0x0000007a8f200000,0x0000007a8f300000)]
  0x0000022628dbd800 JavaThread "Unconstrained build operations Thread 10" [_thread_blocked, id=2872, stack(0x0000007a8f300000,0x0000007a8f400000)]
  0x0000022628dbe000 JavaThread "Unconstrained build operations Thread 11" [_thread_blocked, id=16536, stack(0x0000007a8f400000,0x0000007a8f500000)]
  0x0000022628dba000 JavaThread "Unconstrained build operations Thread 12" [_thread_blocked, id=16404, stack(0x0000007a8f500000,0x0000007a8f600000)]
  0x0000022628dbb000 JavaThread "Unconstrained build operations Thread 13" [_thread_blocked, id=3392, stack(0x0000007a8f600000,0x0000007a8f700000)]
  0x0000022628dbc800 JavaThread "Unconstrained build operations Thread 14" [_thread_blocked, id=5040, stack(0x0000007a8f700000,0x0000007a8f800000)]
  0x0000022628dbb800 JavaThread "Unconstrained build operations Thread 15" [_thread_blocked, id=13028, stack(0x0000007a8f800000,0x0000007a8f900000)]
  0x0000022628db8800 JavaThread "Unconstrained build operations Thread 16" [_thread_blocked, id=9296, stack(0x0000007a8f900000,0x0000007a8fa00000)]
  0x0000022628dc4000 JavaThread "Unconstrained build operations Thread 17" [_thread_blocked, id=4100, stack(0x0000007a8fa00000,0x0000007a8fb00000)]
  0x0000022628dc3000 JavaThread "Unconstrained build operations Thread 18" [_thread_blocked, id=12580, stack(0x0000007a8fb00000,0x0000007a8fc00000)]
  0x0000022628dbf000 JavaThread "Unconstrained build operations Thread 19" [_thread_blocked, id=8028, stack(0x0000007a8fc00000,0x0000007a8fd00000)]
  0x0000022628dc4800 JavaThread "Unconstrained build operations Thread 20" [_thread_blocked, id=13884, stack(0x0000007a8fd00000,0x0000007a8fe00000)]
  0x0000022628dc5800 JavaThread "Unconstrained build operations Thread 21" [_thread_blocked, id=13056, stack(0x0000007a8fe00000,0x0000007a8ff00000)]
  0x0000022628dc0000 JavaThread "Unconstrained build operations Thread 22" [_thread_blocked, id=14768, stack(0x0000007a8ff00000,0x0000007a90000000)]
  0x0000022628dc1800 JavaThread "Unconstrained build operations Thread 23" [_thread_blocked, id=2988, stack(0x0000007a90000000,0x0000007a90100000)]
  0x0000022628dc6800 JavaThread "Unconstrained build operations Thread 24" [_thread_blocked, id=9464, stack(0x0000007a90100000,0x0000007a90200000)]
  0x0000022628dc2000 JavaThread "Unconstrained build operations Thread 25" [_thread_blocked, id=1236, stack(0x0000007a90200000,0x0000007a90300000)]
  0x0000022628dc0800 JavaThread "Unconstrained build operations Thread 26" [_thread_blocked, id=15724, stack(0x0000007a90300000,0x0000007a90400000)]
  0x0000022628dc7000 JavaThread "Unconstrained build operations Thread 27" [_thread_blocked, id=5016, stack(0x0000007a90400000,0x0000007a90500000)]
  0x000002262b546800 JavaThread "Unconstrained build operations Thread 28" [_thread_blocked, id=14848, stack(0x0000007a90500000,0x0000007a90600000)]
  0x000002262b548800 JavaThread "Unconstrained build operations Thread 29" [_thread_blocked, id=8740, stack(0x0000007a90600000,0x0000007a90700000)]
  0x000002262b54a000 JavaThread "Unconstrained build operations Thread 30" [_thread_blocked, id=9248, stack(0x0000007a90700000,0x0000007a90800000)]
  0x000002262b549000 JavaThread "Unconstrained build operations Thread 31" [_thread_blocked, id=2084, stack(0x0000007a90800000,0x0000007a90900000)]
  0x000002262b544800 JavaThread "Unconstrained build operations Thread 32" [_thread_blocked, id=3932, stack(0x0000007a90900000,0x0000007a90a00000)]
  0x000002262b547800 JavaThread "Unconstrained build operations Thread 33" [_thread_blocked, id=3432, stack(0x0000007a90a00000,0x0000007a90b00000)]
  0x000002262b54b000 JavaThread "Unconstrained build operations Thread 34" [_thread_blocked, id=5628, stack(0x0000007a90b00000,0x0000007a90c00000)]
  0x000002262b545000 JavaThread "Unconstrained build operations Thread 35" [_thread_blocked, id=7216, stack(0x0000007a90c00000,0x0000007a90d00000)]
  0x000002262b546000 JavaThread "Unconstrained build operations Thread 36" [_thread_blocked, id=14216, stack(0x0000007a90d00000,0x0000007a90e00000)]
  0x000002262b54f800 JavaThread "Unconstrained build operations Thread 37" [_thread_blocked, id=3436, stack(0x0000007a90e00000,0x0000007a90f00000)]
  0x000002262b550800 JavaThread "Unconstrained build operations Thread 38" [_thread_blocked, id=6664, stack(0x0000007a90f00000,0x0000007a91000000)]
  0x000002262b54f000 JavaThread "Unconstrained build operations Thread 39" [_thread_blocked, id=5736, stack(0x0000007a91000000,0x0000007a91100000)]
  0x000002262b551800 JavaThread "Unconstrained build operations Thread 40" [_thread_blocked, id=2740, stack(0x0000007a91100000,0x0000007a91200000)]
  0x000002262b54b800 JavaThread "Unconstrained build operations Thread 41" [_thread_blocked, id=5640, stack(0x0000007a91200000,0x0000007a91300000)]
  0x000002262b54c800 JavaThread "Unconstrained build operations Thread 42" [_thread_blocked, id=14708, stack(0x0000007a91300000,0x0000007a91400000)]
  0x000002262b552000 JavaThread "Unconstrained build operations Thread 43" [_thread_blocked, id=7924, stack(0x0000007a91400000,0x0000007a91500000)]
  0x000002262b553000 JavaThread "Unconstrained build operations Thread 44" [_thread_blocked, id=16560, stack(0x0000007a91500000,0x0000007a91600000)]
  0x000002262b54d800 JavaThread "Unconstrained build operations Thread 45" [_thread_blocked, id=11412, stack(0x0000007a91600000,0x0000007a91700000)]
  0x000002262b54e000 JavaThread "Unconstrained build operations Thread 46" [_thread_blocked, id=15652, stack(0x0000007a91700000,0x0000007a91800000)]
  0x000002262b096000 JavaThread "Unconstrained build operations Thread 47" [_thread_blocked, id=10280, stack(0x0000007a91800000,0x0000007a91900000)]
  0x000002262b093800 JavaThread "Unconstrained build operations Thread 48" [_thread_blocked, id=2552, stack(0x0000007a91900000,0x0000007a91a00000)]
  0x000002262b090800 JavaThread "Unconstrained build operations Thread 49" [_thread_blocked, id=9680, stack(0x0000007a91a00000,0x0000007a91b00000)]
  0x000002262b097000 JavaThread "Unconstrained build operations Thread 50" [_thread_blocked, id=15712, stack(0x0000007a91b00000,0x0000007a91c00000)]
  0x000002262b094800 JavaThread "Unconstrained build operations Thread 51" [_thread_blocked, id=15964, stack(0x0000007a91c00000,0x0000007a91d00000)]
  0x000002262b091000 JavaThread "Unconstrained build operations Thread 52" [_thread_blocked, id=10832, stack(0x0000007a91d00000,0x0000007a91e00000)]
  0x000002262b095000 JavaThread "Unconstrained build operations Thread 53" [_thread_blocked, id=5636, stack(0x0000007a91e00000,0x0000007a91f00000)]
  0x000002262b097800 JavaThread "Unconstrained build operations Thread 54" [_thread_blocked, id=6404, stack(0x0000007a91f00000,0x0000007a92000000)]
  0x000002262b092800 JavaThread "Unconstrained build operations Thread 55" [_thread_blocked, id=5524, stack(0x0000007a92000000,0x0000007a92100000)]
  0x000002262b092000 JavaThread "Unconstrained build operations Thread 56" [_thread_blocked, id=8976, stack(0x0000007a92100000,0x0000007a92200000)]
  0x000002262b09a000 JavaThread "Unconstrained build operations Thread 57" [_thread_blocked, id=11280, stack(0x0000007a92200000,0x0000007a92300000)]
  0x000002262b099800 JavaThread "Unconstrained build operations Thread 58" [_thread_blocked, id=8244, stack(0x0000007a92300000,0x0000007a92400000)]
  0x000002262b09b000 JavaThread "Unconstrained build operations Thread 59" [_thread_blocked, id=14968, stack(0x0000007a92400000,0x0000007a92500000)]
  0x000002262b09c800 JavaThread "Unconstrained build operations Thread 60" [_thread_blocked, id=9816, stack(0x0000007a92500000,0x0000007a92600000)]
  0x000002262b098800 JavaThread "Unconstrained build operations Thread 61" [_thread_blocked, id=17112, stack(0x0000007a92600000,0x0000007a92700000)]
  0x000002262b09d800 JavaThread "Unconstrained build operations Thread 62" [_thread_blocked, id=12348, stack(0x0000007a92700000,0x0000007a92800000)]
  0x000002262b09b800 JavaThread "Unconstrained build operations Thread 63" [_thread_blocked, id=7988, stack(0x0000007a92800000,0x0000007a92900000)]
  0x000002262b09e000 JavaThread "Unconstrained build operations Thread 64" [_thread_blocked, id=5084, stack(0x0000007a92900000,0x0000007a92a00000)]
  0x000002262b09f000 JavaThread "Unconstrained build operations Thread 65" [_thread_blocked, id=12220, stack(0x0000007a92a00000,0x0000007a92b00000)]
  0x000002262b3c2000 JavaThread "Unconstrained build operations Thread 66" [_thread_blocked, id=9620, stack(0x0000007a92b00000,0x0000007a92c00000)]
  0x000002262b3c4800 JavaThread "Unconstrained build operations Thread 67" [_thread_blocked, id=10256, stack(0x0000007a92c00000,0x0000007a92d00000)]
  0x000002262b3c3000 JavaThread "Unconstrained build operations Thread 68" [_thread_blocked, id=13820, stack(0x0000007a92d00000,0x0000007a92e00000)]
  0x000002262b3c3800 JavaThread "Unconstrained build operations Thread 69" [_thread_blocked, id=17392, stack(0x0000007a92e00000,0x0000007a92f00000)]
  0x000002262b3c1800 JavaThread "Unconstrained build operations Thread 70" [_thread_blocked, id=4432, stack(0x0000007a92f00000,0x0000007a93000000)]
  0x000002262b3c7000 JavaThread "Unconstrained build operations Thread 71" [_thread_blocked, id=10308, stack(0x0000007a93000000,0x0000007a93100000)]
  0x000002262b3ca800 JavaThread "Unconstrained build operations Thread 72" [_thread_blocked, id=1788, stack(0x0000007a93100000,0x0000007a93200000)]
  0x000002262b3cb000 JavaThread "Unconstrained build operations Thread 73" [_thread_blocked, id=8232, stack(0x0000007a93200000,0x0000007a93300000)]
  0x000002262b3c8000 JavaThread "Unconstrained build operations Thread 74" [_thread_blocked, id=9928, stack(0x0000007a93300000,0x0000007a93400000)]
  0x000002262b3c8800 JavaThread "Unconstrained build operations Thread 75" [_thread_blocked, id=10012, stack(0x0000007a93400000,0x0000007a93500000)]
  0x000002262b3c9800 JavaThread "Unconstrained build operations Thread 76" [_thread_blocked, id=13172, stack(0x0000007a93500000,0x0000007a93600000)]
  0x000002262b3c5800 JavaThread "Unconstrained build operations Thread 77" [_thread_blocked, id=17324, stack(0x0000007a93600000,0x0000007a93700000)]
  0x000002262b3cc000 JavaThread "Unconstrained build operations Thread 78" [_thread_blocked, id=11432, stack(0x0000007a93700000,0x0000007a93800000)]
  0x000002262b3c6000 JavaThread "Unconstrained build operations Thread 79" [_thread_blocked, id=14528, stack(0x0000007a93800000,0x0000007a93900000)]
  0x000002262b3cc800 JavaThread "Unconstrained build operations Thread 80" [_thread_blocked, id=1096, stack(0x0000007a93900000,0x0000007a93a00000)]
  0x000002262b3cd800 JavaThread "jar transforms Thread 4" [_thread_blocked, id=12760, stack(0x0000007a93a00000,0x0000007a93b00000)]
  0x000002262b3ce800 JavaThread "jar transforms Thread 5" [_thread_blocked, id=7588, stack(0x0000007a93b00000,0x0000007a93c00000)]
  0x000002262b3cf000 JavaThread "jar transforms Thread 6" [_thread_blocked, id=3664, stack(0x0000007a93c00000,0x0000007a93d00000)]
  0x000002262b3d0000 JavaThread "jar transforms Thread 7" [_thread_blocked, id=14780, stack(0x0000007a93d00000,0x0000007a93e00000)]
  0x000002262b1d0000 JavaThread "jar transforms Thread 8" [_thread_blocked, id=6780, stack(0x0000007a93e00000,0x0000007a93f00000)]

Other Threads:
  0x0000022625fc7800 VMThread "VM Thread" [stack: 0x0000007a8bd00000,0x0000007a8be00000] [id=9664]
  0x0000022626b0c000 WatcherThread [stack: 0x0000007a8c700000,0x0000007a8c800000] [id=14676]
  0x0000022609bb5800 GCTaskThread "GC Thread#0" [stack: 0x0000007a8b800000,0x0000007a8b900000] [id=16664]
  0x00000226271bb800 GCTaskThread "GC Thread#1" [stack: 0x0000007a8c800000,0x0000007a8c900000] [id=3668]
  0x0000022628465800 GCTaskThread "GC Thread#2" [stack: 0x0000007a8d600000,0x0000007a8d700000] [id=11884]
  0x0000022628a31800 GCTaskThread "GC Thread#3" [stack: 0x0000007a8d700000,0x0000007a8d800000] [id=3480]
  0x000002262849c000 GCTaskThread "GC Thread#4" [stack: 0x0000007a8d800000,0x0000007a8d900000] [id=13768]
  0x000002262849d000 GCTaskThread "GC Thread#5" [stack: 0x0000007a8d900000,0x0000007a8da00000] [id=1984]
  0x000002262845e800 GCTaskThread "GC Thread#6" [stack: 0x0000007a8da00000,0x0000007a8db00000] [id=4776]
  0x000002262845f000 GCTaskThread "GC Thread#7" [stack: 0x0000007a8db00000,0x0000007a8dc00000] [id=12072]
  0x0000022609be8000 ConcurrentGCThread "G1 Main Marker" [stack: 0x0000007a8b900000,0x0000007a8ba00000] [id=13424]
  0x0000022609be9000 ConcurrentGCThread "G1 Conc#0" [stack: 0x0000007a8ba00000,0x0000007a8bb00000] [id=6580]
  0x0000022628b12800 ConcurrentGCThread "G1 Conc#1" [stack: 0x0000007a8dc00000,0x0000007a8dd00000] [id=9060]
  0x0000022609c79000 ConcurrentGCThread "G1 Refine#0" [stack: 0x0000007a8bb00000,0x0000007a8bc00000] [id=9136]
  0x0000022609c7a000 ConcurrentGCThread "G1 Young RemSet Sampling" [stack: 0x0000007a8bc00000,0x0000007a8bd00000] [id=11816]

Threads with active compile tasks:
C2 CompilerThread0   8144 5284       4       groovy.lang.MetaClassImpl$1MOPIter::methodNameAction (325 bytes)

VM state:not at safepoint (normal execution)

VM Mutex/Monitor currently owned by a thread: None

Heap address: 0x0000000080000000, size: 2048 MB, Compressed Oops mode: 32-bit
Narrow klass base: 0x0000000000000000, Narrow klass shift: 3
Compressed class space size: 1073741824 Address: 0x0000000100000000

Heap:
 garbage-first heap   total 138240K, used 112081K [0x0000000080000000, 0x0000000100000000)
  region size 1024K, 79 young (80896K), 7 survivors (7168K)
 Metaspace       used 48006K, capacity 49268K, committed 49564K, reserved 1091584K
  class space    used 6125K, capacity 6606K, committed 6656K, reserved 1048576K
Heap Regions: E=young(eden), S=young(survivor), O=old, HS=humongous(starts), HC=humongous(continues), CS=collection set, F=free, A=archive, TAMS=top-at-mark-start (previous, next)
|   0|0x0000000080000000, 0x0000000080100000, 0x0000000080100000|100%| O|  |TAMS 0x0000000080100000, 0x0000000080000000| Untracked 
|   1|0x0000000080100000, 0x0000000080200000, 0x0000000080200000|100%| O|  |TAMS 0x0000000080200000, 0x0000000080100000| Untracked 
|   2|0x0000000080200000, 0x0000000080300000, 0x0000000080300000|100%| O|  |TAMS 0x0000000080300000, 0x0000000080200000| Untracked 
|   3|0x0000000080300000, 0x0000000080400000, 0x0000000080400000|100%|HS|  |TAMS 0x0000000080400000, 0x0000000080300000| Complete 
|   4|0x0000000080400000, 0x0000000080500000, 0x0000000080500000|100%|HC|  |TAMS 0x0000000080500000, 0x0000000080400000| Complete 
|   5|0x0000000080500000, 0x0000000080600000, 0x0000000080600000|100%|HC|  |TAMS 0x0000000080600000, 0x0000000080500000| Complete 
|   6|0x0000000080600000, 0x0000000080700000, 0x0000000080700000|100%| O|  |TAMS 0x0000000080700000, 0x0000000080600000| Untracked 
|   7|0x0000000080700000, 0x0000000080800000, 0x0000000080800000|100%| O|  |TAMS 0x0000000080800000, 0x0000000080700000| Untracked 
|   8|0x0000000080800000, 0x0000000080900000, 0x0000000080900000|100%| O|  |TAMS 0x0000000080900000, 0x0000000080800000| Untracked 
|   9|0x0000000080900000, 0x0000000080a00000, 0x0000000080a00000|100%| O|  |TAMS 0x0000000080a00000, 0x0000000080900000| Untracked 
|  10|0x0000000080a00000, 0x0000000080b00000, 0x0000000080b00000|100%| O|  |TAMS 0x0000000080b00000, 0x0000000080a00000| Untracked 
|  11|0x0000000080b00000, 0x0000000080c00000, 0x0000000080c00000|100%| O|  |TAMS 0x0000000080c00000, 0x0000000080b00000| Untracked 
|  12|0x0000000080c00000, 0x0000000080d00000, 0x0000000080d00000|100%| O|  |TAMS 0x0000000080d00000, 0x0000000080c00000| Untracked 
|  13|0x0000000080d00000, 0x0000000080e00000, 0x0000000080e00000|100%| O|  |TAMS 0x0000000080e00000, 0x0000000080d00000| Untracked 
|  14|0x0000000080e00000, 0x0000000080f00000, 0x0000000080f00000|100%| O|  |TAMS 0x0000000080f00000, 0x0000000080e00000| Untracked 
|  15|0x0000000080f00000, 0x0000000081000000, 0x0000000081000000|100%| O|  |TAMS 0x0000000081000000, 0x0000000080f00000| Untracked 
|  16|0x0000000081000000, 0x0000000081100000, 0x0000000081100000|100%| O|  |TAMS 0x00000000810e1a00, 0x0000000081000000| Untracked 
|  17|0x0000000081100000, 0x0000000081200000, 0x0000000081200000|100%|HS|  |TAMS 0x0000000081100000, 0x0000000081100000| Complete 
|  18|0x0000000081200000, 0x0000000081300000, 0x0000000081300000|100%| O|  |TAMS 0x0000000081200000, 0x0000000081200000| Untracked 
|  19|0x0000000081300000, 0x0000000081400000, 0x0000000081400000|100%| O|  |TAMS 0x0000000081300000, 0x0000000081300000| Untracked 
|  20|0x0000000081400000, 0x0000000081500000, 0x0000000081500000|100%| O|  |TAMS 0x0000000081400000, 0x0000000081400000| Untracked 
|  21|0x0000000081500000, 0x0000000081600000, 0x0000000081600000|100%| O|  |TAMS 0x0000000081500000, 0x0000000081500000| Untracked 
|  22|0x0000000081600000, 0x0000000081700000, 0x0000000081700000|100%| O|  |TAMS 0x0000000081600000, 0x0000000081600000| Untracked 
|  23|0x0000000081700000, 0x000000008179fe00, 0x0000000081800000| 62%| O|  |TAMS 0x0000000081700000, 0x0000000081700000| Untracked 
|  24|0x0000000081800000, 0x0000000081900000, 0x0000000081900000|100%|HS|  |TAMS 0x0000000081800000, 0x0000000081800000| Complete 
|  25|0x0000000081900000, 0x0000000081a00000, 0x0000000081a00000|100%|HS|  |TAMS 0x0000000081900000, 0x0000000081900000| Complete 
|  26|0x0000000081a00000, 0x0000000081b00000, 0x0000000081b00000|100%|HS|  |TAMS 0x0000000081a00000, 0x0000000081a00000| Complete 
|  27|0x0000000081b00000, 0x0000000081c00000, 0x0000000081c00000|100%|HS|  |TAMS 0x0000000081b00000, 0x0000000081b00000| Complete 
|  28|0x0000000081c00000, 0x0000000081d00000, 0x0000000081d00000|100%|HC|  |TAMS 0x0000000081c00000, 0x0000000081c00000| Complete 
|  29|0x0000000081d00000, 0x0000000081e00000, 0x0000000081e00000|100%|HC|  |TAMS 0x0000000081d00000, 0x0000000081d00000| Complete 
|  30|0x0000000081e00000, 0x0000000081f00000, 0x0000000081f00000|100%|HS|  |TAMS 0x0000000081e00000, 0x0000000081e00000| Complete 
|  31|0x0000000081f00000, 0x0000000082000000, 0x0000000082000000|100%|HC|  |TAMS 0x0000000081f00000, 0x0000000081f00000| Complete 
|  32|0x0000000082000000, 0x0000000082000000, 0x0000000082100000|  0%| F|  |TAMS 0x0000000082000000, 0x0000000082000000| Untracked 
|  33|0x0000000082100000, 0x0000000082100000, 0x0000000082200000|  0%| F|  |TAMS 0x0000000082100000, 0x0000000082100000| Untracked 
|  34|0x0000000082200000, 0x0000000082200000, 0x0000000082300000|  0%| F|  |TAMS 0x0000000082200000, 0x0000000082200000| Untracked 
|  35|0x0000000082300000, 0x0000000082300000, 0x0000000082400000|  0%| F|  |TAMS 0x0000000082300000, 0x0000000082300000| Untracked 
|  36|0x0000000082400000, 0x0000000082400000, 0x0000000082500000|  0%| F|  |TAMS 0x0000000082400000, 0x0000000082400000| Untracked 
|  37|0x0000000082500000, 0x0000000082500000, 0x0000000082600000|  0%| F|  |TAMS 0x0000000082500000, 0x0000000082500000| Untracked 
|  38|0x0000000082600000, 0x0000000082600000, 0x0000000082700000|  0%| F|  |TAMS 0x0000000082600000, 0x0000000082600000| Untracked 
|  39|0x0000000082700000, 0x0000000082700000, 0x0000000082800000|  0%| F|  |TAMS 0x0000000082700000, 0x0000000082700000| Untracked 
|  40|0x0000000082800000, 0x0000000082800000, 0x0000000082900000|  0%| F|  |TAMS 0x0000000082800000, 0x0000000082800000| Untracked 
|  41|0x0000000082900000, 0x0000000082900000, 0x0000000082a00000|  0%| F|  |TAMS 0x0000000082900000, 0x0000000082900000| Untracked 
|  42|0x0000000082a00000, 0x0000000082a00000, 0x0000000082b00000|  0%| F|  |TAMS 0x0000000082a00000, 0x0000000082a00000| Untracked 
|  43|0x0000000082b00000, 0x0000000082b00000, 0x0000000082c00000|  0%| F|  |TAMS 0x0000000082b00000, 0x0000000082b00000| Untracked 
|  44|0x0000000082c00000, 0x0000000082c00000, 0x0000000082d00000|  0%| F|  |TAMS 0x0000000082c00000, 0x0000000082c00000| Untracked 
|  45|0x0000000082d00000, 0x0000000082d00000, 0x0000000082e00000|  0%| F|  |TAMS 0x0000000082d00000, 0x0000000082d00000| Untracked 
|  46|0x0000000082e00000, 0x0000000082e00000, 0x0000000082f00000|  0%| F|  |TAMS 0x0000000082e00000, 0x0000000082e00000| Untracked 
|  47|0x0000000082f00000, 0x0000000082f00000, 0x0000000083000000|  0%| F|  |TAMS 0x0000000082f00000, 0x0000000082f00000| Untracked 
|  48|0x0000000083000000, 0x0000000083000000, 0x0000000083100000|  0%| F|  |TAMS 0x0000000083000000, 0x0000000083000000| Untracked 
|  49|0x0000000083100000, 0x0000000083100000, 0x0000000083200000|  0%| F|  |TAMS 0x0000000083100000, 0x0000000083100000| Untracked 
|  50|0x0000000083200000, 0x0000000083200000, 0x0000000083300000|  0%| F|  |TAMS 0x0000000083200000, 0x0000000083200000| Untracked 
|  51|0x0000000083300000, 0x0000000083300000, 0x0000000083400000|  0%| F|  |TAMS 0x0000000083300000, 0x0000000083300000| Untracked 
|  52|0x0000000083400000, 0x0000000083400000, 0x0000000083500000|  0%| F|  |TAMS 0x0000000083400000, 0x0000000083400000| Untracked 
|  53|0x0000000083500000, 0x0000000083500000, 0x0000000083600000|  0%| F|  |TAMS 0x0000000083500000, 0x0000000083500000| Untracked 
|  54|0x0000000083600000, 0x0000000083600000, 0x0000000083700000|  0%| F|  |TAMS 0x0000000083600000, 0x0000000083600000| Untracked 
|  55|0x0000000083700000, 0x0000000083700000, 0x0000000083800000|  0%| F|  |TAMS 0x0000000083700000, 0x0000000083700000| Untracked 
|  56|0x0000000083800000, 0x0000000083884010, 0x0000000083900000| 51%| E|  |TAMS 0x0000000083800000, 0x0000000083800000| Complete 
|  57|0x0000000083900000, 0x0000000083a00000, 0x0000000083a00000|100%| E|CS|TAMS 0x0000000083900000, 0x0000000083900000| Complete 
|  58|0x0000000083a00000, 0x0000000083b00000, 0x0000000083b00000|100%| E|CS|TAMS 0x0000000083a00000, 0x0000000083a00000| Complete 
|  59|0x0000000083b00000, 0x0000000083c00000, 0x0000000083c00000|100%| E|CS|TAMS 0x0000000083b00000, 0x0000000083b00000| Complete 
|  60|0x0000000083c00000, 0x0000000083d00000, 0x0000000083d00000|100%| E|CS|TAMS 0x0000000083c00000, 0x0000000083c00000| Complete 
|  61|0x0000000083d00000, 0x0000000083e00000, 0x0000000083e00000|100%| E|CS|TAMS 0x0000000083d00000, 0x0000000083d00000| Complete 
|  62|0x0000000083e00000, 0x0000000083ed46c0, 0x0000000083f00000| 82%| S|CS|TAMS 0x0000000083e00000, 0x0000000083e00000| Complete 
|  63|0x0000000083f00000, 0x0000000084000000, 0x0000000084000000|100%| S|CS|TAMS 0x0000000083f00000, 0x0000000083f00000| Complete 
|  64|0x0000000084000000, 0x0000000084100000, 0x0000000084100000|100%| S|CS|TAMS 0x0000000084000000, 0x0000000084000000| Complete 
|  65|0x0000000084100000, 0x0000000084200000, 0x0000000084200000|100%| S|CS|TAMS 0x0000000084100000, 0x0000000084100000| Complete 
|  66|0x0000000084200000, 0x0000000084300000, 0x0000000084300000|100%| S|CS|TAMS 0x0000000084200000, 0x0000000084200000| Complete 
|  67|0x0000000084300000, 0x0000000084400000, 0x0000000084400000|100%| S|CS|TAMS 0x0000000084300000, 0x0000000084300000| Complete 
|  68|0x0000000084400000, 0x0000000084500000, 0x0000000084500000|100%| S|CS|TAMS 0x0000000084400000, 0x0000000084400000| Complete 
|  69|0x0000000084500000, 0x0000000084600000, 0x0000000084600000|100%| E|CS|TAMS 0x0000000084500000, 0x0000000084500000| Complete 
|  70|0x0000000084600000, 0x0000000084700000, 0x0000000084700000|100%| E|CS|TAMS 0x0000000084600000, 0x0000000084600000| Complete 
|  71|0x0000000084700000, 0x0000000084800000, 0x0000000084800000|100%| E|CS|TAMS 0x0000000084700000, 0x0000000084700000| Complete 
|  72|0x0000000084800000, 0x0000000084900000, 0x0000000084900000|100%| E|CS|TAMS 0x0000000084800000, 0x0000000084800000| Complete 
|  73|0x0000000084900000, 0x0000000084a00000, 0x0000000084a00000|100%| E|CS|TAMS 0x0000000084900000, 0x0000000084900000| Complete 
|  74|0x0000000084a00000, 0x0000000084b00000, 0x0000000084b00000|100%| E|CS|TAMS 0x0000000084a00000, 0x0000000084a00000| Complete 
|  75|0x0000000084b00000, 0x0000000084c00000, 0x0000000084c00000|100%| E|CS|TAMS 0x0000000084b00000, 0x0000000084b00000| Complete 
|  76|0x0000000084c00000, 0x0000000084d00000, 0x0000000084d00000|100%| E|CS|TAMS 0x0000000084c00000, 0x0000000084c00000| Complete 
|  77|0x0000000084d00000, 0x0000000084e00000, 0x0000000084e00000|100%| E|CS|TAMS 0x0000000084d00000, 0x0000000084d00000| Complete 
|  78|0x0000000084e00000, 0x0000000084f00000, 0x0000000084f00000|100%| E|CS|TAMS 0x0000000084e00000, 0x0000000084e00000| Complete 
|  79|0x0000000084f00000, 0x0000000085000000, 0x0000000085000000|100%| E|CS|TAMS 0x0000000084f00000, 0x0000000084f00000| Complete 
|  80|0x0000000085000000, 0x0000000085100000, 0x0000000085100000|100%| E|CS|TAMS 0x0000000085000000, 0x0000000085000000| Complete 
|  81|0x0000000085100000, 0x0000000085200000, 0x0000000085200000|100%| E|CS|TAMS 0x0000000085100000, 0x0000000085100000| Complete 
|  82|0x0000000085200000, 0x0000000085300000, 0x0000000085300000|100%| E|CS|TAMS 0x0000000085200000, 0x0000000085200000| Complete 
|  83|0x0000000085300000, 0x0000000085400000, 0x0000000085400000|100%| E|CS|TAMS 0x0000000085300000, 0x0000000085300000| Complete 
|  84|0x0000000085400000, 0x0000000085500000, 0x0000000085500000|100%| E|CS|TAMS 0x0000000085400000, 0x0000000085400000| Complete 
|  85|0x0000000085500000, 0x0000000085600000, 0x0000000085600000|100%| E|CS|TAMS 0x0000000085500000, 0x0000000085500000| Complete 
|  86|0x0000000085600000, 0x0000000085700000, 0x0000000085700000|100%| E|CS|TAMS 0x0000000085600000, 0x0000000085600000| Complete 
|  87|0x0000000085700000, 0x0000000085800000, 0x0000000085800000|100%| E|CS|TAMS 0x0000000085700000, 0x0000000085700000| Complete 
|  88|0x0000000085800000, 0x0000000085900000, 0x0000000085900000|100%| E|CS|TAMS 0x0000000085800000, 0x0000000085800000| Complete 
|  89|0x0000000085900000, 0x0000000085a00000, 0x0000000085a00000|100%| E|CS|TAMS 0x0000000085900000, 0x0000000085900000| Complete 
|  90|0x0000000085a00000, 0x0000000085b00000, 0x0000000085b00000|100%| E|CS|TAMS 0x0000000085a00000, 0x0000000085a00000| Complete 
|  91|0x0000000085b00000, 0x0000000085c00000, 0x0000000085c00000|100%| E|CS|TAMS 0x0000000085b00000, 0x0000000085b00000| Complete 
|  92|0x0000000085c00000, 0x0000000085d00000, 0x0000000085d00000|100%| E|CS|TAMS 0x0000000085c00000, 0x0000000085c00000| Complete 
|  93|0x0000000085d00000, 0x0000000085e00000, 0x0000000085e00000|100%| E|CS|TAMS 0x0000000085d00000, 0x0000000085d00000| Complete 
|  94|0x0000000085e00000, 0x0000000085f00000, 0x0000000085f00000|100%| E|CS|TAMS 0x0000000085e00000, 0x0000000085e00000| Complete 
|  95|0x0000000085f00000, 0x0000000086000000, 0x0000000086000000|100%| E|CS|TAMS 0x0000000085f00000, 0x0000000085f00000| Complete 
|  96|0x0000000086000000, 0x0000000086100000, 0x0000000086100000|100%| E|CS|TAMS 0x0000000086000000, 0x0000000086000000| Complete 
|  97|0x0000000086100000, 0x0000000086200000, 0x0000000086200000|100%| E|CS|TAMS 0x0000000086100000, 0x0000000086100000| Complete 
|  98|0x0000000086200000, 0x0000000086300000, 0x0000000086300000|100%| E|CS|TAMS 0x0000000086200000, 0x0000000086200000| Complete 
|  99|0x0000000086300000, 0x0000000086400000, 0x0000000086400000|100%| E|CS|TAMS 0x0000000086300000, 0x0000000086300000| Complete 
| 100|0x0000000086400000, 0x0000000086500000, 0x0000000086500000|100%| E|CS|TAMS 0x0000000086400000, 0x0000000086400000| Complete 
| 101|0x0000000086500000, 0x0000000086600000, 0x0000000086600000|100%| E|CS|TAMS 0x0000000086500000, 0x0000000086500000| Complete 
| 102|0x0000000086600000, 0x0000000086700000, 0x0000000086700000|100%| E|CS|TAMS 0x0000000086600000, 0x0000000086600000| Complete 
| 103|0x0000000086700000, 0x0000000086800000, 0x0000000086800000|100%| E|CS|TAMS 0x0000000086700000, 0x0000000086700000| Complete 
| 104|0x0000000086800000, 0x0000000086900000, 0x0000000086900000|100%| E|CS|TAMS 0x0000000086800000, 0x0000000086800000| Complete 
| 105|0x0000000086900000, 0x0000000086a00000, 0x0000000086a00000|100%| E|CS|TAMS 0x0000000086900000, 0x0000000086900000| Complete 
| 106|0x0000000086a00000, 0x0000000086b00000, 0x0000000086b00000|100%| E|CS|TAMS 0x0000000086a00000, 0x0000000086a00000| Complete 
| 107|0x0000000086b00000, 0x0000000086c00000, 0x0000000086c00000|100%| E|CS|TAMS 0x0000000086b00000, 0x0000000086b00000| Complete 
| 108|0x0000000086c00000, 0x0000000086d00000, 0x0000000086d00000|100%| E|CS|TAMS 0x0000000086c00000, 0x0000000086c00000| Complete 
| 109|0x0000000086d00000, 0x0000000086e00000, 0x0000000086e00000|100%| E|CS|TAMS 0x0000000086d00000, 0x0000000086d00000| Complete 
| 110|0x0000000086e00000, 0x0000000086f00000, 0x0000000086f00000|100%| E|CS|TAMS 0x0000000086e00000, 0x0000000086e00000| Complete 
| 111|0x0000000086f00000, 0x0000000087000000, 0x0000000087000000|100%| E|CS|TAMS 0x0000000086f00000, 0x0000000086f00000| Complete 
| 112|0x0000000087000000, 0x0000000087100000, 0x0000000087100000|100%| E|CS|TAMS 0x0000000087000000, 0x0000000087000000| Complete 
| 113|0x0000000087100000, 0x0000000087200000, 0x0000000087200000|100%| E|CS|TAMS 0x0000000087100000, 0x0000000087100000| Complete 
| 114|0x0000000087200000, 0x0000000087300000, 0x0000000087300000|100%| E|CS|TAMS 0x0000000087200000, 0x0000000087200000| Complete 
| 115|0x0000000087300000, 0x0000000087400000, 0x0000000087400000|100%| E|CS|TAMS 0x0000000087300000, 0x0000000087300000| Complete 
| 116|0x0000000087400000, 0x0000000087500000, 0x0000000087500000|100%| E|CS|TAMS 0x0000000087400000, 0x0000000087400000| Complete 
| 117|0x0000000087500000, 0x0000000087600000, 0x0000000087600000|100%| E|CS|TAMS 0x0000000087500000, 0x0000000087500000| Complete 
| 118|0x0000000087600000, 0x0000000087700000, 0x0000000087700000|100%| E|CS|TAMS 0x0000000087600000, 0x0000000087600000| Complete 
| 119|0x0000000087700000, 0x0000000087800000, 0x0000000087800000|100%| E|CS|TAMS 0x0000000087700000, 0x0000000087700000| Complete 
| 120|0x0000000087800000, 0x0000000087900000, 0x0000000087900000|100%| E|CS|TAMS 0x0000000087800000, 0x0000000087800000| Complete 
| 121|0x0000000087900000, 0x0000000087a00000, 0x0000000087a00000|100%| E|CS|TAMS 0x0000000087900000, 0x0000000087900000| Complete 
| 122|0x0000000087a00000, 0x0000000087b00000, 0x0000000087b00000|100%| E|CS|TAMS 0x0000000087a00000, 0x0000000087a00000| Complete 
| 123|0x0000000087b00000, 0x0000000087c00000, 0x0000000087c00000|100%| E|CS|TAMS 0x0000000087b00000, 0x0000000087b00000| Complete 
| 124|0x0000000087c00000, 0x0000000087d00000, 0x0000000087d00000|100%| E|CS|TAMS 0x0000000087c00000, 0x0000000087c00000| Complete 
| 125|0x0000000087d00000, 0x0000000087e00000, 0x0000000087e00000|100%| E|CS|TAMS 0x0000000087d00000, 0x0000000087d00000| Complete 
| 126|0x0000000087e00000, 0x0000000087f00000, 0x0000000087f00000|100%| E|CS|TAMS 0x0000000087e00000, 0x0000000087e00000| Complete 
| 127|0x0000000087f00000, 0x0000000088000000, 0x0000000088000000|100%| E|CS|TAMS 0x0000000087f00000, 0x0000000087f00000| Complete 
| 128|0x0000000088000000, 0x0000000088100000, 0x0000000088100000|100%| E|CS|TAMS 0x0000000088000000, 0x0000000088000000| Complete 
| 129|0x0000000088100000, 0x0000000088200000, 0x0000000088200000|100%| E|CS|TAMS 0x0000000088100000, 0x0000000088100000| Complete 
| 130|0x0000000088200000, 0x0000000088300000, 0x0000000088300000|100%| E|CS|TAMS 0x0000000088200000, 0x0000000088200000| Complete 
| 131|0x0000000088300000, 0x0000000088400000, 0x0000000088400000|100%| E|CS|TAMS 0x0000000088300000, 0x0000000088300000| Complete 
| 132|0x0000000088400000, 0x0000000088500000, 0x0000000088500000|100%| E|CS|TAMS 0x0000000088400000, 0x0000000088400000| Complete 
| 133|0x0000000088500000, 0x0000000088600000, 0x0000000088600000|100%| E|CS|TAMS 0x0000000088500000, 0x0000000088500000| Complete 
| 134|0x0000000088600000, 0x0000000088700000, 0x0000000088700000|100%| E|CS|TAMS 0x0000000088600000, 0x0000000088600000| Complete 

Card table byte_map: [0x000002261ecf0000,0x000002261f0f0000] _byte_map_base: 0x000002261e8f0000

Marking Bits (Prev, Next): (CMBitMap*) 0x0000022609bde158, (CMBitMap*) 0x0000022609bde190
 Prev Bits: [0x000002261f4f0000, 0x00000226214f0000)
 Next Bits: [0x00000226214f0000, 0x00000226234f0000)

Polling page: 0x0000022609c80000

Metaspace:

Usage:
  Non-class:     41.66 MB capacity,    40.90 MB ( 98%) used,   652.03 KB (  2%) free+waste,   128.19 KB ( <1%) overhead. 
      Class:      6.45 MB capacity,     5.98 MB ( 93%) used,   419.78 KB (  6%) free+waste,    61.06 KB ( <1%) overhead. 
       Both:     48.11 MB capacity,    46.88 MB ( 97%) used,     1.05 MB (  2%) free+waste,   189.25 KB ( <1%) overhead. 

Virtual space:
  Non-class space:       42.00 MB reserved,      41.90 MB (>99%) committed 
      Class space:        1.00 GB reserved,       6.50 MB ( <1%) committed 
             Both:        1.04 GB reserved,      48.40 MB (  5%) committed 

Chunk freelists:
   Non-Class:  54.00 KB
       Class:  18.00 KB
        Both:  72.00 KB

MaxMetaspaceSize: 17179869184.00 GB
CompressedClassSpaceSize: 1.00 GB

CodeHeap 'non-profiled nmethods': size=120000Kb used=2247Kb max_used=2247Kb free=117752Kb
 bounds [0x0000022616940000, 0x0000022616bb0000, 0x000002261de70000]
CodeHeap 'profiled nmethods': size=120000Kb used=10215Kb max_used=10215Kb free=109784Kb
 bounds [0x000002260f410000, 0x000002260fe10000, 0x0000022616940000]
CodeHeap 'non-nmethods': size=5760Kb used=2219Kb max_used=2250Kb free=3540Kb
 bounds [0x000002260ee70000, 0x000002260f0e0000, 0x000002260f410000]
 total_blobs=6025 nmethods=5239 adapters=697
 compilation: enabled
              stopped_count=0, restarted_count=0
 full_count=0

Compilation events (20 events):
Event: 7.991 Thread 0x0000022625ffa800 5303   !   3       jdk.internal.loader.URLClassPath$JarLoader$1::run (175 bytes)
Event: 7.993 Thread 0x0000022625ffa800 nmethod 5303 0x000002260fe03090 code [0x000002260fe03380, 0x000002260fe04478]
Event: 7.993 Thread 0x0000022625ffa800 5302       3       jdk.internal.loader.URLClassPath$JarLoader$1::run (5 bytes)
Event: 7.993 Thread 0x0000022625ffa800 nmethod 5302 0x000002260fe04b90 code [0x000002260fe04d40, 0x000002260fe04e88]
Event: 7.993 Thread 0x0000022625ffa800 5304       3       jdk.internal.loader.URLClassPath$JarLoader::getJarFile (102 bytes)
Event: 7.994 Thread 0x0000022625ffa800 nmethod 5304 0x000002260fe04f10 code [0x000002260fe05220, 0x000002260fe06048]
Event: 7.994 Thread 0x0000022625ffa800 5305       3       jdk.internal.loader.URLClassPath$JarLoader::isOptimizable (10 bytes)
Event: 7.994 Thread 0x0000022625ffa800 nmethod 5305 0x000002260fe06590 code [0x000002260fe06740, 0x000002260fe06888]
Event: 7.994 Thread 0x0000022625ffa800 5306       3       jdk.internal.loader.FileURLMapper::<init> (10 bytes)
Event: 7.994 Thread 0x0000022625ffa800 nmethod 5306 0x000002260fe06990 code [0x000002260fe06b40, 0x000002260fe06cf8]
Event: 7.995 Thread 0x0000022625ffa800 5307       3       jdk.internal.loader.URLClassPath$JarLoader::<init> (67 bytes)
Event: 7.996 Thread 0x0000022625ffa800 nmethod 5307 0x000002260fe06d90 code [0x000002260fe07060, 0x000002260fe07e38]
Event: 7.996 Thread 0x0000022625ffa800 5308       3       jdk.internal.loader.URLClassPath$Loader::<init> (10 bytes)
Event: 7.996 Thread 0x0000022625ffa800 nmethod 5308 0x000002260fe08310 code [0x000002260fe084c0, 0x000002260fe08678]
Event: 8.008 Thread 0x0000022625ff3800 nmethod 5285% 0x0000022616b6ea90 code [0x0000022616b6ed00, 0x0000022616b70938]
Event: 8.008 Thread 0x0000022625ff3800 5310 %     4       java.util.Arrays::fill @ 5 (21 bytes)
Event: 8.009 Thread 0x0000022625ffa800 5311       3       sun.net.util.IPAddressUtil::checkExternalForm (69 bytes)
Event: 8.010 Thread 0x0000022625ffa800 nmethod 5311 0x000002260fe08710 code [0x000002260fe08a00, 0x000002260fe09838]
Event: 8.012 Thread 0x0000022625ff3800 nmethod 5310% 0x0000022616b71a10 code [0x0000022616b71ba0, 0x0000022616b71d98]
Event: 8.012 Thread 0x0000022625ff3800 5284       4       groovy.lang.MetaClassImpl$1MOPIter::methodNameAction (325 bytes)

GC Heap History (14 events):
Event: 0.871 GC heap before
{Heap before GC invocations=0 (full 0):
 garbage-first heap   total 114688K, used 29696K [0x0000000080000000, 0x0000000100000000)
  region size 1024K, 24 young (24576K), 0 survivors (0K)
 Metaspace       used 9634K, capacity 9888K, committed 10112K, reserved 1058816K
  class space    used 967K, capacity 1041K, committed 1152K, reserved 1048576K
}
Event: 0.878 GC heap after
{Heap after GC invocations=1 (full 0):
 garbage-first heap   total 114688K, used 9132K [0x0000000080000000, 0x0000000100000000)
  region size 1024K, 3 young (3072K), 3 survivors (3072K)
 Metaspace       used 9634K, capacity 9888K, committed 10112K, reserved 1058816K
  class space    used 967K, capacity 1041K, committed 1152K, reserved 1048576K
}
Event: 1.655 GC heap before
{Heap before GC invocations=1 (full 0):
 garbage-first heap   total 114688K, used 74668K [0x0000000080000000, 0x0000000100000000)
  region size 1024K, 67 young (68608K), 3 survivors (3072K)
 Metaspace       used 11977K, capacity 12347K, committed 12544K, reserved 1060864K
  class space    used 1316K, capacity 1413K, committed 1536K, reserved 1048576K
}
Event: 1.667 GC heap after
{Heap after GC invocations=2 (full 0):
 garbage-first heap   total 114688K, used 14741K [0x0000000080000000, 0x0000000100000000)
  region size 1024K, 9 young (9216K), 9 survivors (9216K)
 Metaspace       used 11977K, capacity 12347K, committed 12544K, reserved 1060864K
  class space    used 1316K, capacity 1413K, committed 1536K, reserved 1048576K
}
Event: 3.512 GC heap before
{Heap before GC invocations=2 (full 0):
 garbage-first heap   total 114688K, used 67989K [0x0000000080000000, 0x0000000100000000)
  region size 1024K, 62 young (63488K), 9 survivors (9216K)
 Metaspace       used 20705K, capacity 21177K, committed 21296K, reserved 1069056K
  class space    used 2537K, capacity 2659K, committed 2688K, reserved 1048576K
}
Event: 3.526 GC heap after
{Heap after GC invocations=3 (full 0):
 garbage-first heap   total 114688K, used 17681K [0x0000000080000000, 0x0000000100000000)
  region size 1024K, 3 young (3072K), 3 survivors (3072K)
 Metaspace       used 20705K, capacity 21177K, committed 21296K, reserved 1069056K
  class space    used 2537K, capacity 2659K, committed 2688K, reserved 1048576K
}
Event: 4.298 GC heap before
{Heap before GC invocations=4 (full 0):
 garbage-first heap   total 114688K, used 79121K [0x0000000080000000, 0x0000000100000000)
  region size 1024K, 63 young (64512K), 3 survivors (3072K)
 Metaspace       used 26310K, capacity 26942K, committed 27008K, reserved 1073152K
  class space    used 3444K, capacity 3651K, committed 3712K, reserved 1048576K
}
Event: 4.305 GC heap after
{Heap after GC invocations=5 (full 0):
 garbage-first heap   total 114688K, used 19703K [0x0000000080000000, 0x0000000100000000)
  region size 1024K, 5 young (5120K), 5 survivors (5120K)
 Metaspace       used 26310K, capacity 26942K, committed 27008K, reserved 1073152K
  class space    used 3444K, capacity 3651K, committed 3712K, reserved 1048576K
}
Event: 5.313 GC heap before
{Heap before GC invocations=5 (full 0):
 garbage-first heap   total 114688K, used 79095K [0x0000000080000000, 0x0000000100000000)
  region size 1024K, 64 young (65536K), 5 survivors (5120K)
 Metaspace       used 35115K, capacity 35922K, committed 36048K, reserved 1081344K
  class space    used 4563K, capacity 4863K, committed 4864K, reserved 1048576K
}
Event: 5.326 GC heap after
{Heap after GC invocations=6 (full 0):
 garbage-first heap   total 114688K, used 23144K [0x0000000080000000, 0x0000000100000000)
  region size 1024K, 6 young (6144K), 6 survivors (6144K)
 Metaspace       used 35115K, capacity 35922K, committed 36048K, reserved 1081344K
  class space    used 4563K, capacity 4863K, committed 4864K, reserved 1048576K
}
Event: 6.019 GC heap before
{Heap before GC invocations=7 (full 0):
 garbage-first heap   total 114688K, used 86632K [0x0000000080000000, 0x0000000100000000)
  region size 1024K, 66 young (67584K), 6 survivors (6144K)
 Metaspace       used 39325K, capacity 40215K, committed 40476K, reserved 1085440K
  class space    used 5041K, capacity 5393K, committed 5504K, reserved 1048576K
}
Event: 6.030 GC heap after
{Heap after GC invocations=8 (full 0):
 garbage-first heap   total 138240K, used 28284K [0x0000000080000000, 0x0000000100000000)
  region size 1024K, 9 young (9216K), 9 survivors (9216K)
 Metaspace       used 39325K, capacity 40215K, committed 40476K, reserved 1085440K
  class space    used 5041K, capacity 5393K, committed 5504K, reserved 1048576K
}
Event: 6.837 GC heap before
{Heap before GC invocations=8 (full 0):
 garbage-first heap   total 138240K, used 96892K [0x0000000080000000, 0x0000000100000000)
  region size 1024K, 75 young (76800K), 9 survivors (9216K)
 Metaspace       used 45216K, capacity 46323K, committed 46620K, reserved 1089536K
  class space    used 5800K, capacity 6204K, committed 6272K, reserved 1048576K
}
Event: 6.847 GC heap after
{Heap after GC invocations=9 (full 0):
 garbage-first heap   total 138240K, used 30161K [0x0000000080000000, 0x0000000100000000)
  region size 1024K, 7 young (7168K), 7 survivors (7168K)
 Metaspace       used 45216K, capacity 46323K, committed 46620K, reserved 1089536K
  class space    used 5800K, capacity 6204K, committed 6272K, reserved 1048576K
}

Deoptimization events (20 events):
Event: 7.564 Thread 0x000002262b3c2000 DEOPT PACKING pc=0x000002260f4e2dcc sp=0x0000007a92bfd470
Event: 7.564 Thread 0x000002262b3c2000 DEOPT UNPACKING pc=0x000002260ee96dde sp=0x0000007a92bfca10 mode 0
Event: 7.573 Thread 0x0000022628dbb800 DEOPT PACKING pc=0x000002260f4e2dcc sp=0x0000007a8f8fcca0
Event: 7.573 Thread 0x0000022628dbb800 DEOPT UNPACKING pc=0x000002260ee96dde sp=0x0000007a8f8fc240 mode 0
Event: 7.583 Thread 0x0000022628dbd800 DEOPT PACKING pc=0x000002260f4e2dcc sp=0x0000007a8f3fcf00
Event: 7.583 Thread 0x0000022628dbd800 DEOPT UNPACKING pc=0x000002260ee96dde sp=0x0000007a8f3fc4a0 mode 0
Event: 7.593 Thread 0x000002262b09b800 DEOPT PACKING pc=0x000002260f4e2dcc sp=0x0000007a928fdc10
Event: 7.593 Thread 0x000002262b09b800 DEOPT UNPACKING pc=0x000002260ee96dde sp=0x0000007a928fd1b0 mode 0
Event: 7.703 Thread 0x000002262b3cd800 Uncommon trap: trap_request=0xffffffcc fr.pc=0x0000022616b5301c relative=0x00000000000011fc
Event: 7.704 Thread 0x000002262b3cd800 Uncommon trap: reason=intrinsic_or_type_checked_inlining action=make_not_entrant pc=0x0000022616b5301c method=java.util.ArrayList.toArray([Ljava/lang/Object;)[Ljava/lang/Object; @ 36 c2
Event: 7.704 Thread 0x000002262b3cd800 DEOPT PACKING pc=0x0000022616b5301c sp=0x0000007a93afeb20
Event: 7.704 Thread 0x000002262b3cd800 DEOPT UNPACKING pc=0x000002260ee9662f sp=0x0000007a93afea78 mode 2
Event: 7.793 Thread 0x000002262846a800 DEOPT PACKING pc=0x000002260fba6e71 sp=0x0000007a8cff99c0
Event: 7.793 Thread 0x000002262846a800 DEOPT UNPACKING pc=0x000002260ee96dde sp=0x0000007a8cff8eb8 mode 0
Event: 7.798 Thread 0x000002262846a800 DEOPT PACKING pc=0x000002260fba6e71 sp=0x0000007a8cff99c0
Event: 7.798 Thread 0x000002262846a800 DEOPT UNPACKING pc=0x000002260ee96dde sp=0x0000007a8cff8eb8 mode 0
Event: 8.026 Thread 0x000002262846a800 DEOPT PACKING pc=0x000002260f4ea703 sp=0x0000007a8cff1a80
Event: 8.026 Thread 0x000002262846a800 DEOPT UNPACKING pc=0x000002260ee96dde sp=0x0000007a8cff0fe0 mode 0
Event: 8.051 Thread 0x000002262846a800 DEOPT PACKING pc=0x000002260f4eac44 sp=0x0000007a8cff1a80
Event: 8.051 Thread 0x000002262846a800 DEOPT UNPACKING pc=0x000002260ee96dde sp=0x0000007a8cff1058 mode 0

Classes redefined (0 events):
No events

Internal exceptions (20 events):
Event: 7.877 Thread 0x000002262846a800 Exception <a 'java/security/PrivilegedActionException'{0x000000008451d2b0}> (0x000000008451d2b0) thrown at [./src/hotspot/share/prims/jvm.cpp, line 1306]
Event: 7.877 Thread 0x000002262846a800 Exception <a 'java/security/PrivilegedActionException'{0x000000008451e570}> (0x000000008451e570) thrown at [./src/hotspot/share/prims/jvm.cpp, line 1306]
Event: 7.877 Thread 0x000002262846a800 Exception <a 'java/security/PrivilegedActionException'{0x0000000084521a00}> (0x0000000084521a00) thrown at [./src/hotspot/share/prims/jvm.cpp, line 1306]
Event: 7.877 Thread 0x000002262846a800 Exception <a 'java/security/PrivilegedActionException'{0x0000000084522cc0}> (0x0000000084522cc0) thrown at [./src/hotspot/share/prims/jvm.cpp, line 1306]
Event: 7.877 Thread 0x000002262846a800 Exception <a 'java/security/PrivilegedActionException'{0x00000000845261e8}> (0x00000000845261e8) thrown at [./src/hotspot/share/prims/jvm.cpp, line 1306]
Event: 7.877 Thread 0x000002262846a800 Exception <a 'java/security/PrivilegedActionException'{0x00000000845274a8}> (0x00000000845274a8) thrown at [./src/hotspot/share/prims/jvm.cpp, line 1306]
Event: 7.877 Thread 0x000002262846a800 Exception <a 'java/security/PrivilegedActionException'{0x000000008452a848}> (0x000000008452a848) thrown at [./src/hotspot/share/prims/jvm.cpp, line 1306]
Event: 7.877 Thread 0x000002262846a800 Exception <a 'java/security/PrivilegedActionException'{0x000000008452bb08}> (0x000000008452bb08) thrown at [./src/hotspot/share/prims/jvm.cpp, line 1306]
Event: 7.945 Thread 0x000002262846a800 Exception <a 'java/security/PrivilegedActionException'{0x0000000083d52288}> (0x0000000083d52288) thrown at [./src/hotspot/share/prims/jvm.cpp, line 1306]
Event: 7.945 Thread 0x000002262846a800 Exception <a 'java/security/PrivilegedActionException'{0x0000000083d53548}> (0x0000000083d53548) thrown at [./src/hotspot/share/prims/jvm.cpp, line 1306]
Event: 7.945 Thread 0x000002262846a800 Exception <a 'java/security/PrivilegedActionException'{0x0000000083d568e8}> (0x0000000083d568e8) thrown at [./src/hotspot/share/prims/jvm.cpp, line 1306]
Event: 7.945 Thread 0x000002262846a800 Exception <a 'java/security/PrivilegedActionException'{0x0000000083d57ba8}> (0x0000000083d57ba8) thrown at [./src/hotspot/share/prims/jvm.cpp, line 1306]
Event: 7.945 Thread 0x000002262846a800 Exception <a 'java/security/PrivilegedActionException'{0x0000000083d5b188}> (0x0000000083d5b188) thrown at [./src/hotspot/share/prims/jvm.cpp, line 1306]
Event: 7.945 Thread 0x000002262846a800 Exception <a 'java/security/PrivilegedActionException'{0x0000000083d5c448}> (0x0000000083d5c448) thrown at [./src/hotspot/share/prims/jvm.cpp, line 1306]
Event: 7.946 Thread 0x000002262846a800 Exception <a 'java/security/PrivilegedActionException'{0x0000000083d5f850}> (0x0000000083d5f850) thrown at [./src/hotspot/share/prims/jvm.cpp, line 1306]
Event: 7.946 Thread 0x000002262846a800 Exception <a 'java/security/PrivilegedActionException'{0x0000000083d60b10}> (0x0000000083d60b10) thrown at [./src/hotspot/share/prims/jvm.cpp, line 1306]
Event: 7.946 Thread 0x000002262846a800 Exception <a 'java/security/PrivilegedActionException'{0x0000000083d63fa0}> (0x0000000083d63fa0) thrown at [./src/hotspot/share/prims/jvm.cpp, line 1306]
Event: 7.946 Thread 0x000002262846a800 Exception <a 'java/security/PrivilegedActionException'{0x0000000083d65260}> (0x0000000083d65260) thrown at [./src/hotspot/share/prims/jvm.cpp, line 1306]
Event: 7.946 Thread 0x000002262846a800 Exception <a 'java/security/PrivilegedActionException'{0x0000000083d68840}> (0x0000000083d68840) thrown at [./src/hotspot/share/prims/jvm.cpp, line 1306]
Event: 7.946 Thread 0x000002262846a800 Exception <a 'java/security/PrivilegedActionException'{0x0000000083d69b00}> (0x0000000083d69b00) thrown at [./src/hotspot/share/prims/jvm.cpp, line 1306]

Events (20 events):
Event: 7.813 loading class build_cag36bz1etresyv6wy0ay58rxBeanInfo done
Event: 7.813 loading class build_cag36bz1etresyv6wy0ay58rxCustomizer
Event: 7.813 loading class build_cag36bz1etresyv6wy0ay58rxCustomizer done
Event: 7.813 loading class build_cag36bz1etresyv6wy0ay58rxCustomizer
Event: 7.813 loading class build_cag36bz1etresyv6wy0ay58rxCustomizer done
Event: 7.815 loading class org/gradle/api/tasks/Delete
Event: 7.815 loading class org/gradle/api/tasks/Delete done
Event: 7.815 loading class org/gradle/api/tasks/Delete
Event: 7.815 loading class org/gradle/api/tasks/Delete done
Event: 7.816 loading class groovy/runtime/metaclass/build_cag36bz1etresyv6wy0ay58rx$_run_closure1MetaClass
Event: 7.816 loading class groovy/runtime/metaclass/build_cag36bz1etresyv6wy0ay58rx$_run_closure1MetaClass done
Event: 7.817 loading class groovy/runtime/metaclass/org/gradle/api/internal/project/DefaultProject_DecoratedMetaClass
Event: 7.817 loading class groovy/runtime/metaclass/org/gradle/api/internal/project/DefaultProject_DecoratedMetaClass done
Event: 7.823 loading class org/gradle/api/internal/project/DefaultProject_DecoratedBeanInfo
Event: 7.823 loading class org/gradle/api/internal/project/DefaultProject_DecoratedBeanInfo done
Event: 7.823 loading class org/gradle/api/internal/project/DefaultProject_DecoratedBeanInfo
Event: 7.823 loading class org/gradle/api/internal/project/DefaultProject_DecoratedBeanInfo done
Event: 7.823 loading class org/gradle/api/internal/project/DefaultProject_DecoratedBeanInfo
Event: 7.823 loading class org/gradle/api/internal/project/DefaultProject_DecoratedBeanInfo done
Event: 7.904 Loaded shared library C:\Program Files\Android\jre\bin\nio.dll


Dynamic libraries:
0x00007ff7adf70000 - 0x00007ff7adf7a000 	C:\Program Files\Android\jre\bin\java.exe
0x00007ff9dfb90000 - 0x00007ff9dfd85000 	C:\Windows\SYSTEM32\ntdll.dll
0x00007ff9ddc10000 - 0x00007ff9ddcce000 	C:\Windows\System32\KERNEL32.DLL
0x00007ff9dd2a0000 - 0x00007ff9dd568000 	C:\Windows\System32\KERNELBASE.dll
0x00007ff9dd9a0000 - 0x00007ff9ddaa0000 	C:\Windows\System32\ucrtbase.dll
0x00007ff9d7760000 - 0x00007ff9d7779000 	C:\Program Files\Android\jre\bin\jli.dll
0x00007ff9d7570000 - 0x00007ff9d7587000 	C:\Program Files\Android\jre\bin\VCRUNTIME140.dll
0x00007ff9df880000 - 0x00007ff9dfa20000 	C:\Windows\System32\USER32.dll
0x00007ff9ddbb0000 - 0x00007ff9ddbd2000 	C:\Windows\System32\win32u.dll
0x00007ff9c85f0000 - 0x00007ff9c888a000 	C:\Windows\WinSxS\amd64_microsoft.windows.common-controls_6595b64144ccf1df_6.0.19041.1110_none_60b5254171f9507e\COMCTL32.dll
0x00007ff9ddbe0000 - 0x00007ff9ddc0b000 	C:\Windows\System32\GDI32.dll
0x00007ff9ddcd0000 - 0x00007ff9ddd6e000 	C:\Windows\System32\msvcrt.dll
0x00007ff9ddaa0000 - 0x00007ff9ddbad000 	C:\Windows\System32\gdi32full.dll
0x00007ff9dd880000 - 0x00007ff9dd91d000 	C:\Windows\System32\msvcp_win.dll
0x00007ff9de100000 - 0x00007ff9de130000 	C:\Windows\System32\IMM32.DLL
0x00007ff9cec00000 - 0x00007ff9cec9d000 	C:\Program Files\Android\jre\bin\msvcp140.dll
0x00007ff9a4f10000 - 0x00007ff9a59e5000 	C:\Program Files\Android\jre\bin\server\jvm.dll
0x00007ff9de130000 - 0x00007ff9de1de000 	C:\Windows\System32\ADVAPI32.dll
0x00007ff9dde40000 - 0x00007ff9ddedc000 	C:\Windows\System32\sechost.dll
0x00007ff9dfa20000 - 0x00007ff9dfb45000 	C:\Windows\System32\RPCRT4.dll
0x00007ff9de3c0000 - 0x00007ff9de3c8000 	C:\Windows\System32\PSAPI.DLL
0x00007ff9d7d70000 - 0x00007ff9d7d79000 	C:\Windows\SYSTEM32\WSOCK32.dll
0x00007ff9d2ac0000 - 0x00007ff9d2ae7000 	C:\Windows\SYSTEM32\WINMM.dll
0x00007ff9d5f90000 - 0x00007ff9d5f9a000 	C:\Windows\SYSTEM32\VERSION.dll
0x00007ff9def80000 - 0x00007ff9defeb000 	C:\Windows\System32\WS2_32.dll
0x00007ff9db190000 - 0x00007ff9db1a2000 	C:\Windows\SYSTEM32\kernel.appcore.dll
0x00007ff9cf720000 - 0x00007ff9cf731000 	C:\Program Files\Android\jre\bin\verify.dll
0x00007ff9d47d0000 - 0x00007ff9d49b4000 	C:\Windows\SYSTEM32\DBGHELP.DLL
0x00007ff9c8300000 - 0x00007ff9c832c000 	C:\Windows\SYSTEM32\dbgcore.DLL
0x00007ff9dd570000 - 0x00007ff9dd5f2000 	C:\Windows\System32\bcryptPrimitives.dll
0x00007ff9ce8f0000 - 0x00007ff9ce919000 	C:\Program Files\Android\jre\bin\java.dll
0x00007ff9d66b0000 - 0x00007ff9d66bb000 	C:\Program Files\Android\jre\bin\jimage.dll
0x00007ff9ce8d0000 - 0x00007ff9ce8e8000 	C:\Program Files\Android\jre\bin\zip.dll
0x00007ff9de4d0000 - 0x00007ff9dec14000 	C:\Windows\System32\SHELL32.dll
0x00007ff9db390000 - 0x00007ff9dbb24000 	C:\Windows\SYSTEM32\windows.storage.dll
0x00007ff9dec20000 - 0x00007ff9def75000 	C:\Windows\System32\combase.dll
0x00007ff9dcc20000 - 0x00007ff9dcc4e000 	C:\Windows\SYSTEM32\Wldp.dll
0x00007ff9df2f0000 - 0x00007ff9df39d000 	C:\Windows\System32\SHCORE.dll
0x00007ff9de1e0000 - 0x00007ff9de235000 	C:\Windows\System32\shlwapi.dll
0x00007ff9dd1e0000 - 0x00007ff9dd1ff000 	C:\Windows\SYSTEM32\profapi.dll
0x00007ff9cd4c0000 - 0x00007ff9cd4da000 	C:\Program Files\Android\jre\bin\net.dll
0x00007ff9d2860000 - 0x00007ff9d296c000 	C:\Windows\SYSTEM32\WINHTTP.dll
0x00007ff9dc980000 - 0x00007ff9dc9ea000 	C:\Windows\system32\mswsock.dll
0x00007ff9cd4a0000 - 0x00007ff9cd4b4000 	C:\Program Files\Android\jre\bin\nio.dll
0x00007ff9c6930000 - 0x00007ff9c6957000 	C:\Users\¡‡Û˚Ê‡Ì\.gradle\native\e1d6ef7f7dcc3fd88c89a11ec53ec762bb8ba0a96d01ffa2cd45eb1d1d8dd5c5\windows-amd64\native-platform.dll
0x00007ff9cc840000 - 0x00007ff9cc984000 	C:\Users\¡‡Û˚Ê‡Ì\.gradle\native\5664cfc778a61ccfe75a443a1ab52a65af34e5dc3c78e0209fed803814484fcb\windows-amd64\native-platform-file-events.dll
0x00007ff9cfcb0000 - 0x00007ff9cfcba000 	C:\Program Files\Android\jre\bin\management.dll
0x00007ff9cf750000 - 0x00007ff9cf75d000 	C:\Program Files\Android\jre\bin\management_ext.dll
0x00007ff9dcb80000 - 0x00007ff9dcb98000 	C:\Windows\SYSTEM32\CRYPTSP.dll
0x00007ff9dc300000 - 0x00007ff9dc334000 	C:\Windows\system32\rsaenh.dll
0x00007ff9dd970000 - 0x00007ff9dd997000 	C:\Windows\System32\bcrypt.dll
0x00007ff9dd160000 - 0x00007ff9dd18e000 	C:\Windows\SYSTEM32\USERENV.dll
0x00007ff9dcb70000 - 0x00007ff9dcb7c000 	C:\Windows\SYSTEM32\CRYPTBASE.dll
0x00007ff9dc670000 - 0x00007ff9dc6ab000 	C:\Windows\SYSTEM32\IPHLPAPI.DLL
0x00007ff9de0f0000 - 0x00007ff9de0f8000 	C:\Windows\System32\NSI.dll
0x00007ff9d5fc0000 - 0x00007ff9d5fd7000 	C:\Windows\SYSTEM32\dhcpcsvc6.DLL
0x00007ff9d5fa0000 - 0x00007ff9d5fbd000 	C:\Windows\SYSTEM32\dhcpcsvc.DLL
0x00007ff9dc6b0000 - 0x00007ff9dc77b000 	C:\Windows\SYSTEM32\DNSAPI.dll

dbghelp: loaded successfully - version: 4.0.5 - missing functions: none
symbol engine: initialized successfully - sym options: 0x614 - pdb path: .;C:\Program Files\Android\jre\bin;C:\Windows\SYSTEM32;C:\Windows\WinSxS\amd64_microsoft.windows.common-controls_6595b64144ccf1df_6.0.19041.1110_none_60b5254171f9507e;C:\Program Files\Android\jre\bin\server;C:\Users\¡‡Û˚Ê‡Ì\.gradle\native\e1d6ef7f7dcc3fd88c89a11ec53ec762bb8ba0a96d01ffa2cd45eb1d1d8dd5c5\windows-amd64;C:\Users\¡‡Û˚Ê‡Ì\.gradle\native\5664cfc778a61ccfe75a443a1ab52a65af34e5dc3c78e0209fed803814484fcb\windows-amd64

VM Arguments:
jvm_args: --add-opens=java.base/java.util=ALL-UNNAMED --add-opens=java.base/java.lang=ALL-UNNAMED --add-opens=java.base/java.lang.invoke=ALL-UNNAMED --add-opens=java.base/java.util=ALL-UNNAMED --add-opens=java.prefs/java.util.prefs=ALL-UNNAMED --add-opens=java.prefs/java.util.prefs=ALL-UNNAMED --add-opens=java.base/java.nio.charset=ALL-UNNAMED --add-opens=java.base/java.net=ALL-UNNAMED --add-opens=java.base/java.util.concurrent.atomic=ALL-UNNAMED -Xmx2048m -Dfile.encoding=UTF-8 -Duser.country=RU -Duser.language=ru -Duser.variant 
java_command: org.gradle.launcher.daemon.bootstrap.GradleDaemon 7.2
java_class_path (initial): C:\Users\¡‡Û˚Ê‡Ì\.gradle\wrapper\dists\gradle-7.2-bin\2dnblmf4td7x66yl1d74lt32g\gradle-7.2\lib\gradle-launcher-7.2.jar
Launcher Type: SUN_STANDARD

[Global flags]
     intx CICompilerCount                          = 4                                         {product} {ergonomic}
     uint ConcGCThreads                            = 2                                         {product} {ergonomic}
     uint G1ConcRefinementThreads                  = 8                                         {product} {ergonomic}
   size_t G1HeapRegionSize                         = 1048576                                   {product} {ergonomic}
    uintx GCDrainStackTargetSize                   = 64                                        {product} {ergonomic}
   size_t InitialHeapSize                          = 117440512                                 {product} {ergonomic}
   size_t MarkStackSize                            = 4194304                                   {product} {ergonomic}
   size_t MaxHeapSize                              = 2147483648                                {product} {command line}
   size_t MaxNewSize                               = 1287651328                                {product} {ergonomic}
   size_t MinHeapDeltaBytes                        = 1048576                                   {product} {ergonomic}
    uintx NonNMethodCodeHeapSize                   = 5836300                                {pd product} {ergonomic}
    uintx NonProfiledCodeHeapSize                  = 122910970                              {pd product} {ergonomic}
    uintx ProfiledCodeHeapSize                     = 122910970                              {pd product} {ergonomic}
    uintx ReservedCodeCacheSize                    = 251658240                              {pd product} {ergonomic}
     bool SegmentedCodeCache                       = true                                      {product} {ergonomic}
     bool UseCompressedClassPointers               = true                                 {lp64_product} {ergonomic}
     bool UseCompressedOops                        = true                                 {lp64_product} {ergonomic}
     bool UseG1GC                                  = true                                      {product} {ergonomic}
     bool UseLargePagesIndividualAllocation        = false                                  {pd product} {ergonomic}

Logging:
Log output configuration:
 #0: stdout all=warning uptime,level,tags
 #1: stderr all=off uptime,level,tags

Environment Variables:
PATH=C:\Program Files (x86)\Common Files\Oracle\Java\javapath;C:\ProgramData\Oracle\Java\javapath;C:\Windows\system32;C:\Windows;C:\Windows\System32\Wbem;C:\Windows\System32\WindowsPowerShell\v1.0\;C:\Windows\System32\OpenSSH\;C:\MinGW\bin;C:\Program Files (x86)\AMD\ATI.ACE\Core-Static;C:\Program Files\Git\cmd;C:\Users\¡‡Û˚Ê‡Ì\AppData\Local\Programs\Python\Python310\Scripts\;C:\Users\¡‡Û˚Ê‡Ì\AppData\Local\Programs\Python\Python310\;C:\Users\¡‡Û˚Ê‡Ì\AppData\Local\Microsoft\WindowsApps;;C:\Users\¡‡Û˚Ê‡Ì\AppData\Local\Programs\Microsoft VS Code\bin;C:\Program Files\JetBrains\PyCharm 2021.3.1\bin;
USERNAME=Bauyrzhan
OS=Windows_NT
PROCESSOR_IDENTIFIER=AMD64 Family 23 Model 17 Stepping 0, AuthenticAMD



---------------  S Y S T E M  ---------------

OS: Windows 10 , 64 bit Build 19041 (10.0.19041.1503)
OS uptime: 3 days 12:11 hours

CPU:total 8 (initial active 8) (8 cores per cpu, 2 threads per core) family 23 model 17 stepping 0 microcode 0x0, cmov, cx8, fxsr, mmx, sse, sse2, sse3, ssse3, sse4.1, sse4.2, popcnt, avx, avx2, aes, clmul, mmxext, 3dnowpref, lzcnt, sse4a, ht, tsc, tscinvbit, tscinv, bmi1, bmi2, adx, s

Memory: 4k page, system-wide physical 7068M (243M free)
TotalPageFile size 15260M (AvailPageFile size 5M)
current process WorkingSet (physical memory assigned to process): 289M, peak: 289M
current process commit charge ("private bytes"): 334M, peak: 335M

vm_info: OpenJDK 64-Bit Server VM (11.0.11+9-b60-7590822) for windows-amd64 JRE (11.0.11+9-b60-7590822), built on Jul 29 2021 21:43:44 by "builder" with MS VC++ 14.0 (VS2015)

END.
